(Private Rooms#2743): 2022-01-26 10:31:13 [INFO]  Logged in as Private Rooms#2743
(Private Rooms#2743): 2022-01-26 10:31:27 [MESSAGE]  общее(ДИСТАНЦИОНКА 6ЖУ) : RoRosin4ik#4182 : 
(Private Rooms#2743): 2022-01-26 10:31:30 [MESSAGE]  общее(ДИСТАНЦИОНКА 6ЖУ) : RoRosin4ik#4182 : 
(Private Rooms#2743): 2022-01-26 10:32:53 [MESSAGE]  общее(ДИСТАНЦИОНКА 6ЖУ) : RoRosin4ik#4182 : hi
(Private Rooms#2743): 2022-01-26 10:39:29 [MESSAGE]  общее(ДИСТАНЦИОНКА 6ЖУ) : ☞/neoner\☜#0196 : ку
(Private Rooms#2743): 2022-01-26 10:41:29 [MESSAGE]  общее(ДИСТАНЦИОНКА 6ЖУ) : RoRosin4ik#4182 : qqqqq
(Private Rooms#2743): 2022-01-26 10:54:39 [MESSAGE]  приветствие-и-правила(ДИСТАНЦИОНКА 6ЖУ) : ☞/neoner\☜#0196 : 
(Private Rooms#2743): 2022-01-26 10:54:45 [MESSAGE]  приветствие-и-правила(ДИСТАНЦИОНКА 6ЖУ) : ☞/neoner\☜#0196 : ок
(Private Rooms#2743): 2022-01-26 10:54:58 [MESSAGE]  общее(ДИСТАНЦИОНКА 6ЖУ) : ☞/neoner\☜#0196 : 
(Private Rooms#2743): 2022-01-26 10:54:59 [MESSAGE]  общее(ДИСТАНЦИОНКА 6ЖУ) : ☞/neoner\☜#0196 : ок
(Private Rooms#2743): 2022-01-26 12:01:35 [INFO]  Logged in as Private Rooms#2743
(Private Rooms#2743): 2022-01-26 13:20:52 [MESSAGE]  общее(ДИСТАНЦИОНКА 6ЖУ) : ☞/neoner\☜#0196 : я те всё отключил антон
(Private Rooms#2743): 2022-01-26 13:41:56 [MESSAGE]  общее(ДИСТАНЦИОНКА 6ЖУ) : Shiferon Contro#4904 : 
(Private Rooms#2743): 2022-01-26 13:43:17 [MESSAGE]  общее(ДИСТАНЦИОНКА 6ЖУ) : RoRosin4ik#4182 : 
(Private Rooms#2743): 2022-01-26 13:48:16 [MESSAGE]  общее(ДИСТАНЦИОНКА 6ЖУ) : ☞/neoner\☜#0196 : 
(Private Rooms#2743): 2022-01-26 14:27:32 [MESSAGE]  общее(ДИСТАНЦИОНКА 6ЖУ) : ☞/neoner\☜#0196 : сахно давид
(Private Rooms#2743): 2022-01-26 14:45:46 [MESSAGE]  общее(ДИСТАНЦИОНКА 6ЖУ) : RoRosin4ik#4182 : некит
(Private Rooms#2743): 2022-01-26 14:45:52 [MESSAGE]  общее(ДИСТАНЦИОНКА 6ЖУ) : RoRosin4ik#4182 : зайди пж в канал
(Private Rooms#2743): 2022-01-26 14:45:56 [MESSAGE]  общее(ДИСТАНЦИОНКА 6ЖУ) : RoRosin4ik#4182 : голосовой
(Private Rooms#2743): 2022-01-26 14:46:45 [MESSAGE]  общее(ДИСТАНЦИОНКА 6ЖУ) : RoRosin4ik#4182 : <@!696657477365923872> зайди пж в канал голосовой
(Private Rooms#2743): 2022-01-26 14:47:30 [MESSAGE]  общее(ДИСТАНЦИОНКА 6ЖУ) : ☞/neoner\☜#0196 : и?
(Private Rooms#2743): 2022-01-26 14:47:40 [MESSAGE]  общее(ДИСТАНЦИОНКА 6ЖУ) : ☞/neoner\☜#0196 : что я там должен услышать
(Private Rooms#2743): 2022-01-26 14:47:51 [MESSAGE]  общее(ДИСТАНЦИОНКА 6ЖУ) : ☞/neoner\☜#0196 : нет
(Private Rooms#2743): 2022-01-26 14:47:54 [MESSAGE]  общее(ДИСТАНЦИОНКА 6ЖУ) : ☞/neoner\☜#0196 : дз сделаю
(Private Rooms#2743): 2022-01-26 14:47:56 [MESSAGE]  общее(ДИСТАНЦИОНКА 6ЖУ) : ☞/neoner\☜#0196 : после
(Private Rooms#2743): 2022-01-26 14:48:01 [MESSAGE]  общее(ДИСТАНЦИОНКА 6ЖУ) : ☞/neoner\☜#0196 : гдето 2
(Private Rooms#2743): 2022-01-26 14:48:07 [MESSAGE]  общее(ДИСТАНЦИОНКА 6ЖУ) : ☞/neoner\☜#0196 : 2 часа дз делать
(Private Rooms#2743): 2022-01-26 14:48:18 [MESSAGE]  общее(ДИСТАНЦИОНКА 6ЖУ) : ☞/neoner\☜#0196 : ну короче 16 -17
(Private Rooms#2743): 2022-01-26 14:48:24 [MESSAGE]  общее(ДИСТАНЦИОНКА 6ЖУ) : ☞/neoner\☜#0196 : пока
(Private Rooms#2743): 2022-01-26 14:49:29 [MESSAGE]  общее(ДИСТАНЦИОНКА 6ЖУ) : RoRosin4ik#4182 : пока
(Private Rooms#2743): 2022-01-26 17:51:01 [MESSAGE]  общее(ДИСТАНЦИОНКА 6ЖУ) : RoRosin4ik#4182 : <@!921827155959238656> го играть
(Private Rooms#2743): 2022-01-26 17:51:15 [MESSAGE]  общее(ДИСТАНЦИОНКА 6ЖУ) : ☞/PA1N\☜#0196 : на маг крафт?
(Private Rooms#2743): 2022-01-26 17:51:21 [MESSAGE]  общее(ДИСТАНЦИОНКА 6ЖУ) : ☞/PA1N\☜#0196 : ты его заманил)
(Private Rooms#2743): 2022-01-26 17:51:30 [MESSAGE]  общее(ДИСТАНЦИОНКА 6ЖУ) : RoRosin4ik#4182 : да
(Private Rooms#2743): 2022-01-26 17:52:20 [MESSAGE]  общее(ДИСТАНЦИОНКА 6ЖУ) : ☞/PA1N\☜#0196 : )))
(Private Rooms#2743): 2022-01-26 17:52:27 [MESSAGE]  общее(ДИСТАНЦИОНКА 6ЖУ) : ☞/PA1N\☜#0196 : мою хату не трогать
(Private Rooms#2743): 2022-01-26 17:52:28 [MESSAGE]  общее(ДИСТАНЦИОНКА 6ЖУ) : ☞/PA1N\☜#0196 : ))))))
(Private Rooms#2743): 2022-01-26 17:52:31 [MESSAGE]  общее(ДИСТАНЦИОНКА 6ЖУ) : RoRosin4ik#4182 : ок
(Private Rooms#2743): 2022-01-26 18:02:39 [MESSAGE]  общее(ДИСТАНЦИОНКА 6ЖУ) : RoRosin4ik#4182 : <@!921827155959238656>
(Private Rooms#2743): 2022-01-26 18:02:42 [MESSAGE]  общее(ДИСТАНЦИОНКА 6ЖУ) : RoRosin4ik#4182 : <@!921827155959238656>
(Private Rooms#2743): 2022-01-26 18:02:43 [MESSAGE]  общее(ДИСТАНЦИОНКА 6ЖУ) : RoRosin4ik#4182 : <@!921827155959238656>
(Private Rooms#2743): 2022-01-26 18:02:45 [MESSAGE]  общее(ДИСТАНЦИОНКА 6ЖУ) : RoRosin4ik#4182 : <@!921827155959238656>
(Private Rooms#2743): 2022-01-26 18:02:47 [MESSAGE]  общее(ДИСТАНЦИОНКА 6ЖУ) : RoRosin4ik#4182 : <@!921827155959238656>
(Private Rooms#2743): 2022-01-27 12:10:33 [INFO]  Logged in as Private Rooms#2743
(Private Rooms#2743): 2022-01-27 12:29:31 [MESSAGE]  общение-с-ботами(MagicCraft - Сервера Майнкрафт) : RoRosin4ik#4182 : !ранг
(Private Rooms#2743): 2022-01-27 12:32:22 [MESSAGE]  общение-с-ботами(MagicCraft - Сервера Майнкрафт) : RoRosin4ik#4182 : <:magiclogo:936191821330137098>
(Private Rooms#2743): 2022-01-27 12:51:28 [MESSAGE]  общее(ДИСТАНЦИОНКА 6ЖУ) : RoRosin4ik#4182 : <@!921827155959238656> зайдешь в голосовой?
(Private Rooms#2743): 2022-01-27 13:04:16 [MESSAGE]  общее(ДИСТАНЦИОНКА 6ЖУ) : RoRosin4ik#4182 : сук
(Private Rooms#2743): 2022-01-27 13:04:21 [MESSAGE]  общее(ДИСТАНЦИОНКА 6ЖУ) : RoRosin4ik#4182 : верни звук
(Private Rooms#2743): 2022-01-27 13:04:28 [MESSAGE]  общее(ДИСТАНЦИОНКА 6ЖУ) : RoRosin4ik#4182 : я больше так не буду
(Private Rooms#2743): 2022-01-27 13:05:22 [MESSAGE]  moderator-only(MagicCraft - Сервера Майнкрафт) : RoRosin4ik#4182 : дарова
